
1429082684|/index.php?id=log|localhost
1429082686|/index.php?id=log|index.php?id=log
1429082686|/index.php?id=log|index.php?id=log
1429082687|/index.php?id=log|index.php?id=log
1429082759|/index.php?id=log|index.php?id=log
1429082759|/index.php?id=log|index.php?id=log
1429082774|/index.php?id=log|index.php?id=log
1429082774|/index.php?id=log|index.php?id=log
1429082775|/index.php?id=log|index.php?id=log
1429082775|/index.php?id=log|index.php?id=log
1429082776|/index.php?id=log|index.php?id=log
1429082776|/index.php?id=log|index.php?id=log
1429082776|/index.php?id=log|index.php?id=log
1429082777|/index.php?id=log|index.php?id=log
1429082777|/index.php?id=log|index.php?id=log
1429082777|/index.php?id=log|index.php?id=log
1429082822|/index.php?id=log|localhost
1429101470|/index.php?id=log|localhost
1429102374|/index.php?id=log|localhost
1429102854|/index.php?id=log|localhost
1429105678|/index.php?id=log|localhost
1429105688|/index.php?id=log|index.php?id=log
1429106359|/gen.php|localhost
1429106383|/index.php?id=log|localhost
1429106383|/gen.php|index.php?id=log
1429106707|/index.php?id=log|localhost
1429106753|/index.php?id=log|index.php?id=log
1429106754|/gen.php|index.php?id=log
1429106780|/index.php?id=log|index.php?id=log
1429167155|/index.php?id=log|localhost
1429167491|/index.php?id=log|localhost
1429167614|/index.php?id=log|index.php?id=log
1429173469|/index.php|index.php?id=log
1429173472|/index.php|index.php
1429173474|/index.php?id=cookie|index.php
1429173474|/index.php?id=session|index.php?id=cookie
1429173476|/index.php?id=test|index.php?id=session
1429173476|/index.php?id=gen|index.php?id=test
1429173477|/index.php?id=calc|index.php?id=gen
1429173477|/index.php?id=log|index.php?id=calc
1429173536|/index.php|index.php?id=log
1429173547|/index.php|localhost
1429173549|/index.php?id=cookie|index.php
1429173552|/index.php?id=session|index.php?id=cookie
1429173554|/index.php?id=test|index.php?id=session
1429173555|/index.php?id=gen|index.php?id=test
1429173557|/index.php?id=calc|index.php?id=gen
1429173558|/index.php?id=log|index.php?id=calc
1429173570|/index.php|index.php?id=log
1429173961|/index.php|index.php?id=log
1429173965|/index.php|index.php
1429173966|/index.php?id=cookie|index.php
1429173967|/index.php?id=session|index.php?id=cookie
1429174050|/index.php?id=session|index.php?id=cookie
1429174051|/index.php?id=session|index.php?id=cookie
1429174122|/index.php?id=session|index.php?id=cookie
1429174127|/index.php|index.php?id=session
1429174132|/index.php?id=gen|index.php
1429174134|/index.php?id=session|index.php?id=gen
1429174137|/index.php|index.php?id=session
1429174174|/index.php?id=session|index.php
1429174179|/index.php|index.php?id=session
1429174224|/index.php?id=session|index.php
1429174226|/index.php?id=session|index.php?id=session
1429174230|/index.php|index.php?id=session
1429174232|/index.php|index.php
1429174233|/index.php?id=session|index.php
1429174234|/index.php|index.php?id=session
1429174238|/index.php|index.php?id=session
1429174252|/index.php?id=session|index.php
1429174268|/index.php?id=session|index.php
1429174274|/index.php|index.php?id=session
1429174278|/index.php?id=session|index.php
1429174302|/index.php?id=session|index.php?id=session
1429174305|/index.php?id=session|index.php?id=session
1429174316|/index.php?id=session|index.php?id=session
1429174321|/index.php?id=session|index.php?id=session
1429174325|/index.php?id=session|index.php?id=session
1429174330|/index.php?id=session|index.php?id=session
1429174364|/index.php?id=log|localhost
1429174475|/index.php?id=log|index.php?id=log
1429175204|/index.php|index.php?id=log
1429175207|/index.php?id=test|index.php
1429175211|/index.php?id=test|index.php?id=test
1429175215|/index.php?id=gen|index.php?id=test
1429175218|/index.php?id=calc|index.php?id=gen
1429175226|/index.php?id=log|index.php?id=calc
1429175229|/index.php|index.php?id=log
